<?xml version="1.0" encoding="UTF-8"?>
<testsuite xmlns:xsi="http://www.w3.org/2001/XMLSchema-instance" xsi:noNamespaceSchemaLocation="https://maven.apache.org/surefire/maven-surefire-plugin/xsd/surefire-test-report.xsd" name="org.example.notificationsystem.PhoneNumberRepositoryTest" time="0.053" tests="4" errors="0" skipped="0" failures="0">
  <properties>
[...]
</properties>
  <testcase name="testFindByPhoneNumberShouldReturnEmptyWhenNotFound" classname="org.example.notificationsystem.PhoneNumberRepositoryTest" time="0.05"/>
  <testcase name="testFindByPhoneNumberShouldReturnPhoneNumber" classname="org.example.notificationsystem.PhoneNumberRepositoryTest" time="0.001"/>
  <testcase name="testFindByPhoneNumberInShouldReturnMatchingPhoneNumbers" classname="org.example.notificationsystem.PhoneNumberRepositoryTest" time="0"/>
  <testcase name="testFindPhoneNumberStringsByBlackListedShouldReturnList" classname="org.example.notificationsystem.PhoneNumberRepositoryTest" time="0.001"/>
</testsuite>